# JRE version: Java(TM) SE Runtime Environment (8.0_25-b18) (build 1.8.0_25-b18)
# Java VM: Java HotSpot(TM) 64-Bit Server VM (25.25-b02 mixed mode windows-amd64 compressed oops)
Heap:
 PSYoungGen      total 236032K, used 35541K [0x00000000eab00000, 0x00000000fd180000, 0x0000000100000000)
  eden space 193024K, 5% used [0x00000000eab00000,0x00000000eb538e70,0x00000000f6780000)
  from space 43008K, 58% used [0x00000000f9200000,0x00000000faa7c840,0x00000000fbc00000)
  to   space 43520K, 0% used [0x00000000f6780000,0x00000000f6780000,0x00000000f9200000)
 ParOldGen       total 204288K, used 121401K [0x00000000c0000000, 0x00000000cc780000, 0x00000000eab00000)
  object space 204288K, 59% used [0x00000000c0000000,0x00000000c768e420,0x00000000cc780000)
 Metaspace       used 6403K, capacity 7256K, committed 7424K, reserved 1056768K
  class space    used 611K, capacity 656K, committed 768K, reserved 1048576K
GC Heap History (10 events):
Event: 11.151 GC heap before
{Heap before GC invocations=13 (full 2):
 PSYoungGen      total 173056K, used 22951K [0x00000000eab00000, 0x00000000fb000000, 0x0000000100000000)
  eden space 138240K, 0% used [0x00000000eab00000,0x00000000eab00000,0x00000000f3200000)
  from space 34816K, 65% used [0x00000000f3200000,0x00000000f4869ca8,0x00000000f5400000)
  to   space 35840K, 0% used [0x00000000f8d00000,0x00000000f8d00000,0x00000000fb000000)
 ParOldGen       total 61952K, used 61793K [0x00000000c0000000, 0x00000000c3c80000, 0x00000000eab00000)
  object space 61952K, 99% used [0x00000000c0000000,0x00000000c3c58728,0x00000000c3c80000)
 Metaspace       used 6323K, capacity 7192K, committed 7424K, reserved 1056768K
  class space    used 610K, capacity 656K, committed 768K, reserved 1048576K
Event: 13.118 GC heap after
Heap after GC invocations=13 (full 2):
 PSYoungGen      total 173056K, used 21176K [0x00000000eab00000, 0x00000000fb000000, 0x0000000100000000)
  eden space 138240K, 0% used [0x00000000eab00000,0x00000000eab00000,0x00000000f3200000)
  from space 34816K, 60% used [0x00000000f3200000,0x00000000f46ae210,0x00000000f5400000)
  to   space 35840K, 0% used [0x00000000f8d00000,0x00000000f8d00000,0x00000000fb000000)
 ParOldGen       total 118272K, used 61896K [0x00000000c0000000, 0x00000000c7380000, 0x00000000eab00000)
  object space 118272K, 52% used [0x00000000c0000000,0x00000000c3c72378,0x00000000c7380000)
 Metaspace       used 6323K, capacity 7192K, committed 7424K, reserved 1056768K
  class space    used 610K, capacity 656K, committed 768K, reserved 1048576K
}
Event: 14.141 GC heap before
{Heap before GC invocations=14 (full 2):
 PSYoungGen      total 173056K, used 159416K [0x00000000eab00000, 0x00000000fb000000, 0x0000000100000000)
  eden space 138240K, 100% used [0x00000000eab00000,0x00000000f3200000,0x00000000f3200000)
  from space 34816K, 60% used [0x00000000f3200000,0x00000000f46ae210,0x00000000f5400000)
  to   space 35840K, 0% used [0x00000000f8d00000,0x00000000f8d00000,0x00000000fb000000)
 ParOldGen       total 118272K, used 61896K [0x00000000c0000000, 0x00000000c7380000, 0x00000000eab00000)
  object space 118272K, 52% used [0x00000000c0000000,0x00000000c3c72378,0x00000000c7380000)
 Metaspace       used 6323K, capacity 7192K, committed 7424K, reserved 1056768K
  class space    used 610K, capacity 656K, committed 768K, reserved 1048576K
Event: 14.331 GC heap after
Heap after GC invocations=14 (full 2):
 PSYoungGen      total 184832K, used 20064K [0x00000000eab00000, 0x00000000fa100000, 0x0000000100000000)
  eden space 164352K, 0% used [0x00000000eab00000,0x00000000eab00000,0x00000000f4b80000)
  from space 20480K, 97% used [0x00000000f8d00000,0x00000000fa098248,0x00000000fa100000)
  to   space 35328K, 0% used [0x00000000f5c00000,0x00000000f5c00000,0x00000000f7e80000)
 ParOldGen       total 118272K, used 80303K [0x00000000c0000000, 0x00000000c7380000, 0x00000000eab00000)
  object space 118272K, 67% used [0x00000000c0000000,0x00000000c4e6bf48,0x00000000c7380000)
 Metaspace       used 6323K, capacity 7192K, committed 7424K, reserved 1056768K
  class space    used 610K, capacity 656K, committed 768K, reserved 1048576K
}
Event: 15.223 GC heap before
{Heap before GC invocations=15 (full 2):
 PSYoungGen      total 184832K, used 184416K [0x00000000eab00000, 0x00000000fa100000, 0x0000000100000000)
  eden space 164352K, 100% used [0x00000000eab00000,0x00000000f4b80000,0x00000000f4b80000)
  from space 20480K, 97% used [0x00000000f8d00000,0x00000000fa098248,0x00000000fa100000)
  to   space 35328K, 0% used [0x00000000f5c00000,0x00000000f5c00000,0x00000000f7e80000)
 ParOldGen       total 118272K, used 80303K [0x00000000c0000000, 0x00000000c7380000, 0x00000000eab00000)
  object space 118272K, 67% used [0x00000000c0000000,0x00000000c4e6bf48,0x00000000c7380000)
 Metaspace       used 6334K, capacity 7192K, committed 7424K, reserved 1056768K
  class space    used 610K, capacity 656K, committed 768K, reserved 1048576K
Event: 15.295 GC heap after
Heap after GC invocations=15 (full 2):
 PSYoungGen      total 216576K, used 35296K [0x00000000eab00000, 0x00000000fbc00000, 0x0000000100000000)
  eden space 181248K, 0% used [0x00000000eab00000,0x00000000eab00000,0x00000000f5c00000)
  from space 35328K, 99% used [0x00000000f5c00000,0x00000000f7e78100,0x00000000f7e80000)
  to   space 43008K, 0% used [0x00000000f9200000,0x00000000f9200000,0x00000000fbc00000)
 ParOldGen       total 118272K, used 87303K [0x00000000c0000000, 0x00000000c7380000, 0x00000000eab00000)
  object space 118272K, 73% used [0x00000000c0000000,0x00000000c5541e38,0x00000000c7380000)
 Metaspace       used 6334K, capacity 7192K, committed 7424K, reserved 1056768K
  class space    used 610K, capacity 656K, committed 768K, reserved 1048576K
}
Event: 16.254 GC heap before
{Heap before GC invocations=16 (full 2):
 PSYoungGen      total 216576K, used 216544K [0x00000000eab00000, 0x00000000fbc00000, 0x0000000100000000)
  eden space 181248K, 100% used [0x00000000eab00000,0x00000000f5c00000,0x00000000f5c00000)
  from space 35328K, 99% used [0x00000000f5c00000,0x00000000f7e78100,0x00000000f7e80000)
  to   space 43008K, 0% used [0x00000000f9200000,0x00000000f9200000,0x00000000fbc00000)
 ParOldGen       total 118272K, used 87303K [0x00000000c0000000, 0x00000000c7380000, 0x00000000eab00000)
  object space 118272K, 73% used [0x00000000c0000000,0x00000000c5541e38,0x00000000c7380000)
 Metaspace       used 6403K, capacity 7256K, committed 7424K, reserved 1056768K
  class space    used 611K, capacity 656K, committed 768K, reserved 1048576K
Event: 16.375 GC heap after
Heap after GC invocations=16 (full 2):
 PSYoungGen      total 236032K, used 26283K [0x00000000eab00000, 0x00000000fd180000, 0x0000000100000000)
  eden space 193024K, 0% used [0x00000000eab00000,0x00000000eab00000,0x00000000f6780000)
  from space 43008K, 61% used [0x00000000f9200000,0x00000000fabaae60,0x00000000fbc00000)
  to   space 43520K, 0% used [0x00000000f6780000,0x00000000f6780000,0x00000000f9200000)
 ParOldGen       total 121856K, used 121670K [0x00000000c0000000, 0x00000000c7700000, 0x00000000eab00000)
  object space 121856K, 99% used [0x00000000c0000000,0x00000000c76d1998,0x00000000c7700000)
 Metaspace       used 6403K, capacity 7256K, committed 7424K, reserved 1056768K
  class space    used 611K, capacity 656K, committed 768K, reserved 1048576K
}
Event: 16.375 GC heap before
{Heap before GC invocations=17 (full 3):
 PSYoungGen      total 236032K, used 26283K [0x00000000eab00000, 0x00000000fd180000, 0x0000000100000000)
  eden space 193024K, 0% used [0x00000000eab00000,0x00000000eab00000,0x00000000f6780000)
  from space 43008K, 61% used [0x00000000f9200000,0x00000000fabaae60,0x00000000fbc00000)
  to   space 43520K, 0% used [0x00000000f6780000,0x00000000f6780000,0x00000000f9200000)
 ParOldGen       total 121856K, used 121670K [0x00000000c0000000, 0x00000000c7700000, 0x00000000eab00000)
  object space 121856K, 99% used [0x00000000c0000000,0x00000000c76d1998,0x00000000c7700000)
 Metaspace       used 6403K, capacity 7256K, committed 7424K, reserved 1056768K
  class space    used 611K, capacity 656K, committed 768K, reserved 1048576K
Event: 18.537 GC heap after
Heap after GC invocations=17 (full 3):
 PSYoungGen      total 236032K, used 25074K [0x00000000eab00000, 0x00000000fd180000, 0x0000000100000000)
  eden space 193024K, 0% used [0x00000000eab00000,0x00000000eab00000,0x00000000f6780000)
  from space 43008K, 58% used [0x00000000f9200000,0x00000000faa7c840,0x00000000fbc00000)
  to   space 43520K, 0% used [0x00000000f6780000,0x00000000f6780000,0x00000000f9200000)
 ParOldGen       total 204288K, used 121401K [0x00000000c0000000, 0x00000000cc780000, 0x00000000eab00000)
  object space 204288K, 59% used [0x00000000c0000000,0x00000000c768e420,0x00000000cc780000)
 Metaspace       used 6403K, capacity 7256K, committed 7424K, reserved 1056768K
  class space    used 611K, capacity 656K, committed 768K, reserved 1048576K
}

