# JRE version: Java(TM) SE Runtime Environment (8.0_25-b18) (build 1.8.0_25-b18)
# Java VM: Java HotSpot(TM) 64-Bit Server VM (25.25-b02 mixed mode windows-amd64 compressed oops)
Heap:
 PSYoungGen      total 240640K, used 102092K [0x00000000eab00000, 0x0000000100000000, 0x0000000100000000)
  eden space 167936K, 17% used [0x00000000eab00000,0x00000000ec7b5740,0x00000000f4f00000)
  from space 72704K, 99% used [0x00000000f4f00000,0x00000000f95fdc68,0x00000000f9600000)
  to   space 87552K, 0% used [0x00000000faa80000,0x00000000faa80000,0x0000000100000000)
 ParOldGen       total 141312K, used 88819K [0x00000000c0000000, 0x00000000c8a00000, 0x00000000eab00000)
  object space 141312K, 62% used [0x00000000c0000000,0x00000000c56bcf68,0x00000000c8a00000)
 Metaspace       used 6421K, capacity 7256K, committed 7424K, reserved 1056768K
  class space    used 616K, capacity 656K, committed 768K, reserved 1048576K
GC Heap History (10 events):
Event: 5.541 GC heap before
{Heap before GC invocations=11 (full 1):
 PSYoungGen      total 159232K, used 159225K [0x00000000eab00000, 0x00000000fa580000, 0x0000000100000000)
  eden space 118784K, 100% used [0x00000000eab00000,0x00000000f1f00000,0x00000000f1f00000)
  from space 40448K, 99% used [0x00000000f1f00000,0x00000000f467e468,0x00000000f4680000)
  to   space 50688K, 0% used [0x00000000f7400000,0x00000000f7400000,0x00000000fa580000)
 ParOldGen       total 79872K, used 51958K [0x00000000c0000000, 0x00000000c4e00000, 0x00000000eab00000)
  object space 79872K, 65% used [0x00000000c0000000,0x00000000c32bd988,0x00000000c4e00000)
 Metaspace       used 6301K, capacity 7192K, committed 7424K, reserved 1056768K
  class space    used 610K, capacity 656K, committed 768K, reserved 1048576K
Event: 5.647 GC heap after
Heap after GC invocations=11 (full 1):
 PSYoungGen      total 193536K, used 50664K [0x00000000eab00000, 0x00000000fc080000, 0x0000000100000000)
  eden space 142848K, 0% used [0x00000000eab00000,0x00000000eab00000,0x00000000f3680000)
  from space 50688K, 99% used [0x00000000f7400000,0x00000000fa57a0d0,0x00000000fa580000)
  to   space 62976K, 0% used [0x00000000f3680000,0x00000000f3680000,0x00000000f7400000)
 ParOldGen       total 79872K, used 63973K [0x00000000c0000000, 0x00000000c4e00000, 0x00000000eab00000)
  object space 79872K, 80% used [0x00000000c0000000,0x00000000c3e79570,0x00000000c4e00000)
 Metaspace       used 6301K, capacity 7192K, committed 7424K, reserved 1056768K
  class space    used 610K, capacity 656K, committed 768K, reserved 1048576K
}
Event: 5.647 GC heap before
{Heap before GC invocations=12 (full 2):
 PSYoungGen      total 193536K, used 50664K [0x00000000eab00000, 0x00000000fc080000, 0x0000000100000000)
  eden space 142848K, 0% used [0x00000000eab00000,0x00000000eab00000,0x00000000f3680000)
  from space 50688K, 99% used [0x00000000f7400000,0x00000000fa57a0d0,0x00000000fa580000)
  to   space 62976K, 0% used [0x00000000f3680000,0x00000000f3680000,0x00000000f7400000)
 ParOldGen       total 79872K, used 63973K [0x00000000c0000000, 0x00000000c4e00000, 0x00000000eab00000)
  object space 79872K, 80% used [0x00000000c0000000,0x00000000c3e79570,0x00000000c4e00000)
 Metaspace       used 6301K, capacity 7192K, committed 7424K, reserved 1056768K
  class space    used 610K, capacity 656K, committed 768K, reserved 1048576K
Event: 6.378 GC heap after
Heap after GC invocations=12 (full 2):
 PSYoungGen      total 193536K, used 15244K [0x00000000eab00000, 0x00000000fc080000, 0x0000000100000000)
  eden space 142848K, 0% used [0x00000000eab00000,0x00000000eab00000,0x00000000f3680000)
  from space 50688K, 30% used [0x00000000f7400000,0x00000000f82e3068,0x00000000fa580000)
  to   space 62976K, 0% used [0x00000000f3680000,0x00000000f3680000,0x00000000f7400000)
 ParOldGen       total 141312K, used 79390K [0x00000000c0000000, 0x00000000c8a00000, 0x00000000eab00000)
  object space 141312K, 56% used [0x00000000c0000000,0x00000000c4d87bc0,0x00000000c8a00000)
 Metaspace       used 6301K, capacity 7192K, committed 7424K, reserved 1056768K
  class space    used 610K, capacity 656K, committed 768K, reserved 1048576K
}
Event: 7.442 GC heap before
{Heap before GC invocations=13 (full 2):
 PSYoungGen      total 193536K, used 158092K [0x00000000eab00000, 0x00000000fc080000, 0x0000000100000000)
  eden space 142848K, 100% used [0x00000000eab00000,0x00000000f3680000,0x00000000f3680000)
  from space 50688K, 30% used [0x00000000f7400000,0x00000000f82e3068,0x00000000fa580000)
  to   space 62976K, 0% used [0x00000000f3680000,0x00000000f3680000,0x00000000f7400000)
 ParOldGen       total 141312K, used 79390K [0x00000000c0000000, 0x00000000c8a00000, 0x00000000eab00000)
  object space 141312K, 56% used [0x00000000c0000000,0x00000000c4d87bc0,0x00000000c8a00000)
 Metaspace       used 6308K, capacity 7192K, committed 7424K, reserved 1056768K
  class space    used 610K, capacity 656K, committed 768K, reserved 1048576K
Event: 7.536 GC heap after
Heap after GC invocations=13 (full 2):
 PSYoungGen      total 205824K, used 38980K [0x00000000eab00000, 0x00000000fd500000, 0x0000000100000000)
  eden space 142848K, 0% used [0x00000000eab00000,0x00000000eab00000,0x00000000f3680000)
  from space 62976K, 61% used [0x00000000f3680000,0x00000000f5c91128,0x00000000f7400000)
  to   space 64512K, 0% used [0x00000000f9600000,0x00000000f9600000,0x00000000fd500000)
 ParOldGen       total 141312K, used 79446K [0x00000000c0000000, 0x00000000c8a00000, 0x00000000eab00000)
  object space 141312K, 56% used [0x00000000c0000000,0x00000000c4d95bc0,0x00000000c8a00000)
 Metaspace       used 6308K, capacity 7192K, committed 7424K, reserved 1056768K
  class space    used 610K, capacity 656K, committed 768K, reserved 1048576K
}
Event: 8.687 GC heap before
{Heap before GC invocations=14 (full 2):
 PSYoungGen      total 205824K, used 181828K [0x00000000eab00000, 0x00000000fd500000, 0x0000000100000000)
  eden space 142848K, 100% used [0x00000000eab00000,0x00000000f3680000,0x00000000f3680000)
  from space 62976K, 61% used [0x00000000f3680000,0x00000000f5c91128,0x00000000f7400000)
  to   space 64512K, 0% used [0x00000000f9600000,0x00000000f9600000,0x00000000fd500000)
 ParOldGen       total 141312K, used 79446K [0x00000000c0000000, 0x00000000c8a00000, 0x00000000eab00000)
  object space 141312K, 56% used [0x00000000c0000000,0x00000000c4d95bc0,0x00000000c8a00000)
 Metaspace       used 6326K, capacity 7192K, committed 7424K, reserved 1056768K
  class space    used 610K, capacity 656K, committed 768K, reserved 1048576K
Event: 9.027 GC heap after
Heap after GC invocations=14 (full 2):
 PSYoungGen      total 232448K, used 58945K [0x00000000eab00000, 0x00000000fed00000, 0x0000000100000000)
  eden space 167936K, 0% used [0x00000000eab00000,0x00000000eab00000,0x00000000f4f00000)
  from space 64512K, 91% used [0x00000000f9600000,0x00000000fcf904d8,0x00000000fd500000)
  to   space 72704K, 0% used [0x00000000f4f00000,0x00000000f4f00000,0x00000000f9600000)
 ParOldGen       total 141312K, used 79454K [0x00000000c0000000, 0x00000000c8a00000, 0x00000000eab00000)
  object space 141312K, 56% used [0x00000000c0000000,0x00000000c4d97bc0,0x00000000c8a00000)
 Metaspace       used 6326K, capacity 7192K, committed 7424K, reserved 1056768K
  class space    used 610K, capacity 656K, committed 768K, reserved 1048576K
}
Event: 10.125 GC heap before
{Heap before GC invocations=15 (full 2):
 PSYoungGen      total 232448K, used 226881K [0x00000000eab00000, 0x00000000fed00000, 0x0000000100000000)
  eden space 167936K, 100% used [0x00000000eab00000,0x00000000f4f00000,0x00000000f4f00000)
  from space 64512K, 91% used [0x00000000f9600000,0x00000000fcf904d8,0x00000000fd500000)
  to   space 72704K, 0% used [0x00000000f4f00000,0x00000000f4f00000,0x00000000f9600000)
 ParOldGen       total 141312K, used 79454K [0x00000000c0000000, 0x00000000c8a00000, 0x00000000eab00000)
  object space 141312K, 56% used [0x00000000c0000000,0x00000000c4d97bc0,0x00000000c8a00000)
 Metaspace       used 6367K, capacity 7256K, committed 7424K, reserved 1056768K
  class space    used 611K, capacity 656K, committed 768K, reserved 1048576K
Event: 10.248 GC heap after
Heap after GC invocations=15 (full 2):
 PSYoungGen      total 240640K, used 72695K [0x00000000eab00000, 0x0000000100000000, 0x0000000100000000)
  eden space 167936K, 0% used [0x00000000eab00000,0x00000000eab00000,0x00000000f4f00000)
  from space 72704K, 99% used [0x00000000f4f00000,0x00000000f95fdc68,0x00000000f9600000)
  to   space 87552K, 0% used [0x00000000faa80000,0x00000000faa80000,0x0000000100000000)
 ParOldGen       total 141312K, used 88819K [0x00000000c0000000, 0x00000000c8a00000, 0x00000000eab00000)
  object space 141312K, 62% used [0x00000000c0000000,0x00000000c56bcf68,0x00000000c8a00000)
 Metaspace       used 6367K, capacity 7256K, committed 7424K, reserved 1056768K
  class space    used 611K, capacity 656K, committed 768K, reserved 1048576K
}

